{"/home/alan/Programação/Driven/projetos/projeto_19_sing_me_a_song/back-end/src/app.ts": {"path":"/home/alan/Programação/Driven/projetos/projeto_19_sing_me_a_song/back-end/src/app.ts","statementMap":{"0":{"start":{"line":8,"column":12},"end":{"line":8,"column":21}},"1":{"start":{"line":9,"column":0},"end":{"line":9,"column":16}},"2":{"start":{"line":10,"column":0},"end":{"line":10,"column":24}},"3":{"start":{"line":12,"column":0},"end":{"line":12,"column":50}},"4":{"start":{"line":14,"column":0},"end":{"line":16,"column":null}},"5":{"start":{"line":15,"column":2},"end":{"line":15,"column":27}},"6":{"start":{"line":18,"column":0},"end":{"line":18,"column":32}}},"fnMap":{},"branchMap":{"0":{"loc":{"start":{"line":14,"column":0},"end":{"line":16,"column":null}},"type":"if","locations":[{"start":{"line":14,"column":0},"end":{"line":16,"column":null}}]}},"s":{"0":1,"1":1,"2":1,"3":1,"4":1,"5":1,"6":1},"f":{},"b":{"0":[1]}}
,"/home/alan/Programação/Driven/projetos/projeto_19_sing_me_a_song/back-end/src/database.ts": {"path":"/home/alan/Programação/Driven/projetos/projeto_19_sing_me_a_song/back-end/src/database.ts","statementMap":{"0":{"start":{"line":3,"column":25},"end":{"line":3,"column":28}},"1":{"start":{"line":4,"column":22},"end":{"line":4,"column":40}}},"fnMap":{},"branchMap":{},"s":{"0":2,"1":2},"f":{},"b":{}}
,"/home/alan/Programação/Driven/projetos/projeto_19_sing_me_a_song/back-end/src/controllers/recommendationController.ts": {"path":"/home/alan/Programação/Driven/projetos/projeto_19_sing_me_a_song/back-end/src/controllers/recommendationController.ts","statementMap":{"0":{"start":{"line":7,"column":21},"end":{"line":7,"column":60}},"1":{"start":{"line":8,"column":2},"end":{"line":10,"column":null}},"2":{"start":{"line":9,"column":4},"end":{"line":9,"column":29}},"3":{"start":{"line":12,"column":2},"end":{"line":12,"column":47}},"4":{"start":{"line":14,"column":2},"end":{"line":14,"column":22}},"5":{"start":{"line":18,"column":17},"end":{"line":18,"column":27}},"6":{"start":{"line":20,"column":2},"end":{"line":20,"column":42}},"7":{"start":{"line":22,"column":2},"end":{"line":22,"column":22}},"8":{"start":{"line":26,"column":17},"end":{"line":26,"column":27}},"9":{"start":{"line":28,"column":2},"end":{"line":28,"column":44}},"10":{"start":{"line":30,"column":2},"end":{"line":30,"column":22}},"11":{"start":{"line":34,"column":31},"end":{"line":34,"column":70}},"12":{"start":{"line":36,"column":2},"end":{"line":36,"column":33}},"13":{"start":{"line":40,"column":26},"end":{"line":40,"column":59}},"14":{"start":{"line":41,"column":2},"end":{"line":41,"column":28}},"15":{"start":{"line":45,"column":21},"end":{"line":45,"column":31}},"16":{"start":{"line":47,"column":26},"end":{"line":47,"column":69}},"17":{"start":{"line":48,"column":2},"end":{"line":48,"column":28}},"18":{"start":{"line":52,"column":17},"end":{"line":52,"column":27}},"19":{"start":{"line":54,"column":25},"end":{"line":54,"column":65}},"20":{"start":{"line":55,"column":2},"end":{"line":55,"column":27}},"21":{"start":{"line":58,"column":40},"end":{"line":66,"column":2}}},"fnMap":{"0":{"name":"insert","decl":{"start":{"line":6,"column":15},"end":{"line":6,"column":21}},"loc":{"start":{"line":6,"column":49},"end":{"line":15,"column":null}}},"1":{"name":"upvote","decl":{"start":{"line":17,"column":15},"end":{"line":17,"column":21}},"loc":{"start":{"line":17,"column":49},"end":{"line":23,"column":null}}},"2":{"name":"downvote","decl":{"start":{"line":25,"column":15},"end":{"line":25,"column":23}},"loc":{"start":{"line":25,"column":51},"end":{"line":31,"column":null}}},"3":{"name":"random","decl":{"start":{"line":33,"column":15},"end":{"line":33,"column":21}},"loc":{"start":{"line":33,"column":49},"end":{"line":37,"column":null}}},"4":{"name":"get","decl":{"start":{"line":39,"column":15},"end":{"line":39,"column":18}},"loc":{"start":{"line":39,"column":46},"end":{"line":42,"column":null}}},"5":{"name":"getTop","decl":{"start":{"line":44,"column":15},"end":{"line":44,"column":21}},"loc":{"start":{"line":44,"column":49},"end":{"line":49,"column":null}}},"6":{"name":"getById","decl":{"start":{"line":51,"column":15},"end":{"line":51,"column":22}},"loc":{"start":{"line":51,"column":50},"end":{"line":56,"column":null}}}},"branchMap":{"0":{"loc":{"start":{"line":8,"column":2},"end":{"line":10,"column":null}},"type":"if","locations":[{"start":{"line":8,"column":2},"end":{"line":10,"column":null}}]}},"s":{"0":5,"1":5,"2":4,"3":1,"4":1,"5":1,"6":1,"7":1,"8":1,"9":1,"10":1,"11":1,"12":1,"13":1,"14":1,"15":1,"16":1,"17":1,"18":1,"19":1,"20":1,"21":1},"f":{"0":5,"1":1,"2":1,"3":1,"4":1,"5":1,"6":1},"b":{"0":[4]}}
,"/home/alan/Programação/Driven/projetos/projeto_19_sing_me_a_song/back-end/src/controllers/testsController.ts": {"path":"/home/alan/Programação/Driven/projetos/projeto_19_sing_me_a_song/back-end/src/controllers/testsController.ts","statementMap":{"0":{"start":{"line":5,"column":2},"end":{"line":5,"column":60}},"1":{"start":{"line":7,"column":2},"end":{"line":7,"column":22}},"2":{"start":{"line":11,"column":2},"end":{"line":36,"column":4}},"3":{"start":{"line":38,"column":2},"end":{"line":38,"column":22}},"4":{"start":{"line":41,"column":24},"end":{"line":44,"column":2}}},"fnMap":{"0":{"name":"resetDatabase","decl":{"start":{"line":4,"column":15},"end":{"line":4,"column":28}},"loc":{"start":{"line":4,"column":56},"end":{"line":8,"column":null}}},"1":{"name":"seedRecommendations","decl":{"start":{"line":10,"column":15},"end":{"line":10,"column":34}},"loc":{"start":{"line":10,"column":61},"end":{"line":39,"column":null}}}},"branchMap":{},"s":{"0":0,"1":0,"2":0,"3":0,"4":1},"f":{"0":0,"1":0},"b":{}}
,"/home/alan/Programação/Driven/projetos/projeto_19_sing_me_a_song/back-end/src/middlewares/errorHandlerMiddleware.ts": {"path":"/home/alan/Programação/Driven/projetos/projeto_19_sing_me_a_song/back-end/src/middlewares/errorHandlerMiddleware.ts","statementMap":{"0":{"start":{"line":14,"column":2},"end":{"line":14,"column":19}},"1":{"start":{"line":16,"column":2},"end":{"line":18,"column":null}},"2":{"start":{"line":17,"column":4},"end":{"line":17,"column":73}},"3":{"start":{"line":20,"column":2},"end":{"line":20,"column":29}}},"fnMap":{"0":{"name":"errorHandlerMiddleware","decl":{"start":{"line":8,"column":16},"end":{"line":8,"column":38}},"loc":{"start":{"line":12,"column":20},"end":{"line":21,"column":1}}}},"branchMap":{"0":{"loc":{"start":{"line":16,"column":2},"end":{"line":18,"column":null}},"type":"if","locations":[{"start":{"line":16,"column":2},"end":{"line":18,"column":null}}]}},"s":{"0":4,"1":4,"2":4,"3":0},"f":{"0":4},"b":{"0":[4]}}
,"/home/alan/Programação/Driven/projetos/projeto_19_sing_me_a_song/back-end/src/repositories/recommendationRepository.ts": {"path":"/home/alan/Programação/Driven/projetos/projeto_19_sing_me_a_song/back-end/src/repositories/recommendationRepository.ts","statementMap":{"0":{"start":{"line":6,"column":2},"end":{"line":8,"column":5}},"1":{"start":{"line":17,"column":17},"end":{"line":17,"column":47}},"2":{"start":{"line":19,"column":2},"end":{"line":23,"column":5}},"3":{"start":{"line":27,"column":2},"end":{"line":30,"column":5}},"4":{"start":{"line":36,"column":2},"end":{"line":36,"column":31}},"5":{"start":{"line":36,"column":21},"end":{"line":36,"column":31}},"6":{"start":{"line":38,"column":33},"end":{"line":38,"column":45}},"7":{"start":{"line":40,"column":2},"end":{"line":42,"column":4}},"8":{"start":{"line":46,"column":2},"end":{"line":48,"column":5}},"9":{"start":{"line":52,"column":2},"end":{"line":57,"column":5}},"10":{"start":{"line":61,"column":2},"end":{"line":63,"column":5}},"11":{"start":{"line":66,"column":40},"end":{"line":73,"column":2}}},"fnMap":{"0":{"name":"create","decl":{"start":{"line":5,"column":15},"end":{"line":5,"column":21}},"loc":{"start":{"line":5,"column":72},"end":{"line":9,"column":null}}},"1":{"name":"findAll","decl":{"start":{"line":16,"column":9},"end":{"line":16,"column":16}},"loc":{"start":{"line":16,"column":44},"end":{"line":24,"column":1}}},"2":{"name":"getAmountByScore","decl":{"start":{"line":26,"column":9},"end":{"line":26,"column":25}},"loc":{"start":{"line":26,"column":38},"end":{"line":31,"column":1}}},"3":{"name":"getFindAllFilter","decl":{"start":{"line":33,"column":9},"end":{"line":33,"column":25}},"loc":{"start":{"line":34,"column":29},"end":{"line":43,"column":1}}},"4":{"name":"find","decl":{"start":{"line":45,"column":9},"end":{"line":45,"column":13}},"loc":{"start":{"line":45,"column":24},"end":{"line":49,"column":1}}},"5":{"name":"updateScore","decl":{"start":{"line":51,"column":15},"end":{"line":51,"column":26}},"loc":{"start":{"line":51,"column":75},"end":{"line":58,"column":null}}},"6":{"name":"remove","decl":{"start":{"line":60,"column":15},"end":{"line":60,"column":21}},"loc":{"start":{"line":60,"column":32},"end":{"line":64,"column":null}}}},"branchMap":{"0":{"loc":{"start":{"line":36,"column":2},"end":{"line":36,"column":31}},"type":"if","locations":[{"start":{"line":36,"column":2},"end":{"line":36,"column":31}}]}},"s":{"0":1,"1":2,"2":2,"3":1,"4":2,"5":1,"6":1,"7":1,"8":3,"9":2,"10":0,"11":2},"f":{"0":1,"1":2,"2":1,"3":2,"4":3,"5":2,"6":0},"b":{"0":[1]}}
,"/home/alan/Programação/Driven/projetos/projeto_19_sing_me_a_song/back-end/src/routers/recommendationRouter.ts": {"path":"/home/alan/Programação/Driven/projetos/projeto_19_sing_me_a_song/back-end/src/routers/recommendationRouter.ts","statementMap":{"0":{"start":{"line":4,"column":29},"end":{"line":4,"column":37}},"1":{"start":{"line":6,"column":0},"end":{"line":6,"column":64}},"2":{"start":{"line":7,"column":0},"end":{"line":7,"column":60}},"3":{"start":{"line":8,"column":0},"end":{"line":8,"column":69}},"4":{"start":{"line":9,"column":0},"end":{"line":9,"column":74}},"5":{"start":{"line":10,"column":0},"end":{"line":10,"column":67}},"6":{"start":{"line":11,"column":0},"end":{"line":11,"column":74}},"7":{"start":{"line":12,"column":0},"end":{"line":12,"column":78}}},"fnMap":{},"branchMap":{},"s":{"0":1,"1":1,"2":1,"3":1,"4":1,"5":1,"6":1,"7":1},"f":{},"b":{}}
,"/home/alan/Programação/Driven/projetos/projeto_19_sing_me_a_song/back-end/src/routers/testRouter.ts": {"path":"/home/alan/Programação/Driven/projetos/projeto_19_sing_me_a_song/back-end/src/routers/testRouter.ts","statementMap":{"0":{"start":{"line":4,"column":19},"end":{"line":4,"column":27}},"1":{"start":{"line":6,"column":0},"end":{"line":6,"column":66}},"2":{"start":{"line":7,"column":0},"end":{"line":7,"column":78}}},"fnMap":{},"branchMap":{},"s":{"0":1,"1":1,"2":1},"f":{},"b":{}}
,"/home/alan/Programação/Driven/projetos/projeto_19_sing_me_a_song/back-end/src/schemas/recommendationsSchemas.ts": {"path":"/home/alan/Programação/Driven/projetos/projeto_19_sing_me_a_song/back-end/src/schemas/recommendationsSchemas.ts","statementMap":{"0":{"start":{"line":4,"column":25},"end":{"line":4,"column":78}},"1":{"start":{"line":6,"column":36},"end":{"line":9,"column":2}}},"fnMap":{},"branchMap":{},"s":{"0":1,"1":1},"f":{},"b":{}}
,"/home/alan/Programação/Driven/projetos/projeto_19_sing_me_a_song/back-end/src/services/recommendationsService.ts": {"path":"/home/alan/Programação/Driven/projetos/projeto_19_sing_me_a_song/back-end/src/services/recommendationsService.ts","statementMap":{"0":{"start":{"line":8,"column":2},"end":{"line":8,"column":66}},"1":{"start":{"line":12,"column":25},"end":{"line":12,"column":64}},"2":{"start":{"line":13,"column":2},"end":{"line":13,"column":45}},"3":{"start":{"line":13,"column":23},"end":{"line":13,"column":45}},"4":{"start":{"line":15,"column":2},"end":{"line":15,"column":62}},"5":{"start":{"line":19,"column":25},"end":{"line":19,"column":64}},"6":{"start":{"line":20,"column":2},"end":{"line":20,"column":45}},"7":{"start":{"line":20,"column":23},"end":{"line":20,"column":45}},"8":{"start":{"line":22,"column":32},"end":{"line":22,"column":91}},"9":{"start":{"line":24,"column":2},"end":{"line":26,"column":null}},"10":{"start":{"line":25,"column":4},"end":{"line":25,"column":46}},"11":{"start":{"line":30,"column":2},"end":{"line":30,"column":43}},"12":{"start":{"line":34,"column":2},"end":{"line":34,"column":44}},"13":{"start":{"line":38,"column":2},"end":{"line":38,"column":59}},"14":{"start":{"line":42,"column":17},"end":{"line":42,"column":30}},"15":{"start":{"line":43,"column":22},"end":{"line":43,"column":44}},"16":{"start":{"line":45,"column":26},"end":{"line":45,"column":55}},"17":{"start":{"line":46,"column":2},"end":{"line":48,"column":null}},"18":{"start":{"line":47,"column":4},"end":{"line":47,"column":26}},"19":{"start":{"line":50,"column":22},"end":{"line":50,"column":72}},"20":{"start":{"line":51,"column":2},"end":{"line":51,"column":38}},"21":{"start":{"line":55,"column":26},"end":{"line":58,"column":4}},"22":{"start":{"line":60,"column":2},"end":{"line":62,"column":null}},"23":{"start":{"line":61,"column":4},"end":{"line":61,"column":27}},"24":{"start":{"line":64,"column":2},"end":{"line":64,"column":44}},"25":{"start":{"line":68,"column":2},"end":{"line":70,"column":null}},"26":{"start":{"line":69,"column":4},"end":{"line":69,"column":16}},"27":{"start":{"line":72,"column":2},"end":{"line":72,"column":15}},"28":{"start":{"line":75,"column":37},"end":{"line":85,"column":2}}},"fnMap":{"0":{"name":"insert","decl":{"start":{"line":7,"column":15},"end":{"line":7,"column":21}},"loc":{"start":{"line":7,"column":72},"end":{"line":9,"column":null}}},"1":{"name":"upvote","decl":{"start":{"line":11,"column":15},"end":{"line":11,"column":21}},"loc":{"start":{"line":11,"column":32},"end":{"line":16,"column":null}}},"2":{"name":"downvote","decl":{"start":{"line":18,"column":15},"end":{"line":18,"column":23}},"loc":{"start":{"line":18,"column":34},"end":{"line":27,"column":null}}},"3":{"name":"getById","decl":{"start":{"line":29,"column":15},"end":{"line":29,"column":22}},"loc":{"start":{"line":29,"column":33},"end":{"line":31,"column":null}}},"4":{"name":"get","decl":{"start":{"line":33,"column":15},"end":{"line":33,"column":18}},"loc":{"start":{"line":33,"column":18},"end":{"line":35,"column":null}}},"5":{"name":"getTop","decl":{"start":{"line":37,"column":15},"end":{"line":37,"column":21}},"loc":{"start":{"line":37,"column":36},"end":{"line":39,"column":null}}},"6":{"name":"getRandom","decl":{"start":{"line":41,"column":15},"end":{"line":41,"column":24}},"loc":{"start":{"line":41,"column":24},"end":{"line":52,"column":null}}},"7":{"name":"getByScore","decl":{"start":{"line":54,"column":15},"end":{"line":54,"column":25}},"loc":{"start":{"line":54,"column":51},"end":{"line":65,"column":null}}},"8":{"name":"getScoreFilter","decl":{"start":{"line":67,"column":9},"end":{"line":67,"column":23}},"loc":{"start":{"line":67,"column":38},"end":{"line":73,"column":1}}}},"branchMap":{"0":{"loc":{"start":{"line":13,"column":2},"end":{"line":13,"column":45}},"type":"if","locations":[{"start":{"line":13,"column":2},"end":{"line":13,"column":45}}]},"1":{"loc":{"start":{"line":20,"column":2},"end":{"line":20,"column":45}},"type":"if","locations":[{"start":{"line":20,"column":2},"end":{"line":20,"column":45}}]},"2":{"loc":{"start":{"line":24,"column":2},"end":{"line":26,"column":null}},"type":"if","locations":[{"start":{"line":24,"column":2},"end":{"line":26,"column":null}}]},"3":{"loc":{"start":{"line":46,"column":2},"end":{"line":48,"column":null}},"type":"if","locations":[{"start":{"line":46,"column":2},"end":{"line":48,"column":null}}]},"4":{"loc":{"start":{"line":60,"column":2},"end":{"line":62,"column":null}},"type":"if","locations":[{"start":{"line":60,"column":2},"end":{"line":62,"column":null}}]},"5":{"loc":{"start":{"line":68,"column":2},"end":{"line":70,"column":null}},"type":"if","locations":[{"start":{"line":68,"column":2},"end":{"line":70,"column":null}}]}},"s":{"0":1,"1":2,"2":2,"3":1,"4":1,"5":3,"6":3,"7":1,"8":2,"9":2,"10":1,"11":1,"12":1,"13":1,"14":2,"15":2,"16":2,"17":2,"18":1,"19":1,"20":1,"21":5,"22":5,"23":1,"24":4,"25":4,"26":3,"27":1,"28":2},"f":{"0":1,"1":2,"2":3,"3":1,"4":1,"5":1,"6":2,"7":5,"8":4},"b":{"0":[1],"1":[1],"2":[1],"3":[1],"4":[1],"5":[3]}}
,"/home/alan/Programação/Driven/projetos/projeto_19_sing_me_a_song/back-end/src/tests/factories/recommendationFactory.ts": {"path":"/home/alan/Programação/Driven/projetos/projeto_19_sing_me_a_song/back-end/src/tests/factories/recommendationFactory.ts","statementMap":{"0":{"start":{"line":5,"column":17},"end":{"line":10,"column":4}},"1":{"start":{"line":12,"column":2},"end":{"line":12,"column":16}},"2":{"start":{"line":16,"column":2},"end":{"line":21,"column":5}},"3":{"start":{"line":25,"column":2},"end":{"line":30,"column":5}},"4":{"start":{"line":38,"column":2},"end":{"line":65,"column":null}},"5":{"start":{"line":40,"column":4},"end":{"line":40,"column":43}},"6":{"start":{"line":41,"column":4},"end":{"line":41,"column":64}},"7":{"start":{"line":42,"column":4},"end":{"line":42,"column":10}},"8":{"start":{"line":45,"column":4},"end":{"line":45,"column":43}},"9":{"start":{"line":46,"column":4},"end":{"line":46,"column":59}},"10":{"start":{"line":47,"column":4},"end":{"line":47,"column":10}},"11":{"start":{"line":50,"column":4},"end":{"line":50,"column":43}},"12":{"start":{"line":51,"column":4},"end":{"line":51,"column":21}},"13":{"start":{"line":52,"column":4},"end":{"line":52,"column":10}},"14":{"start":{"line":54,"column":4},"end":{"line":54,"column":14}},"15":{"start":{"line":55,"column":4},"end":{"line":55,"column":59}},"16":{"start":{"line":56,"column":4},"end":{"line":56,"column":10}},"17":{"start":{"line":59,"column":4},"end":{"line":59,"column":13}},"18":{"start":{"line":60,"column":4},"end":{"line":60,"column":59}},"19":{"start":{"line":61,"column":4},"end":{"line":61,"column":10}},"20":{"start":{"line":64,"column":4},"end":{"line":64,"column":10}},"21":{"start":{"line":67,"column":2},"end":{"line":67,"column":31}},"22":{"start":{"line":71,"column":2},"end":{"line":96,"column":4}},"23":{"start":{"line":100,"column":15},"end":{"line":100,"column":17}},"24":{"start":{"line":101,"column":2},"end":{"line":106,"column":null}},"25":{"start":{"line":101,"column":15},"end":{"line":101,"column":16}},"26":{"start":{"line":102,"column":4},"end":{"line":105,"column":7}},"27":{"start":{"line":108,"column":2},"end":{"line":112,"column":4}}},"fnMap":{"0":{"name":"recommendationFactory","decl":{"start":{"line":4,"column":22},"end":{"line":4,"column":43}},"loc":{"start":{"line":4,"column":43},"end":{"line":13,"column":null}}},"1":{"name":"recommendationIncrementScore","decl":{"start":{"line":15,"column":22},"end":{"line":15,"column":50}},"loc":{"start":{"line":15,"column":60},"end":{"line":22,"column":null}}},"2":{"name":"recommendationDecreaseScore","decl":{"start":{"line":24,"column":22},"end":{"line":24,"column":49}},"loc":{"start":{"line":24,"column":59},"end":{"line":31,"column":null}}},"3":{"name":"recommendationBodyFactory","decl":{"start":{"line":35,"column":16},"end":{"line":35,"column":41}},"loc":{"start":{"line":35,"column":64},"end":{"line":68,"column":1}}},"4":{"name":"manyRecommendationsFactory","decl":{"start":{"line":70,"column":22},"end":{"line":70,"column":48}},"loc":{"start":{"line":70,"column":48},"end":{"line":97,"column":null}}},"5":{"name":"nthRecommendationsFactory","decl":{"start":{"line":99,"column":22},"end":{"line":99,"column":47}},"loc":{"start":{"line":99,"column":62},"end":{"line":113,"column":null}}}},"branchMap":{"0":{"loc":{"start":{"line":38,"column":2},"end":{"line":65,"column":null}},"type":"switch","locations":[{"start":{"line":39,"column":2},"end":{"line":42,"column":10}},{"start":{"line":44,"column":2},"end":{"line":47,"column":10}},{"start":{"line":49,"column":2},"end":{"line":52,"column":10}},{"start":{"line":53,"column":2},"end":{"line":56,"column":10}},{"start":{"line":58,"column":2},"end":{"line":61,"column":10}},{"start":{"line":63,"column":2},"end":{"line":64,"column":10}}]}},"s":{"0":3,"1":3,"2":0,"3":0,"4":5,"5":1,"6":1,"7":1,"8":1,"9":1,"10":1,"11":1,"12":1,"13":1,"14":1,"15":1,"16":1,"17":1,"18":1,"19":1,"20":0,"21":5,"22":2,"23":1,"24":1,"25":1,"26":20,"27":1},"f":{"0":3,"1":0,"2":0,"3":5,"4":2,"5":1},"b":{"0":[1,1,1,1,1,0]}}
,"/home/alan/Programação/Driven/projetos/projeto_19_sing_me_a_song/back-end/src/utils/errorUtils.ts": {"path":"/home/alan/Programação/Driven/projetos/projeto_19_sing_me_a_song/back-end/src/utils/errorUtils.ts","statementMap":{"0":{"start":{"line":8,"column":2},"end":{"line":8,"column":48}},"1":{"start":{"line":12,"column":2},"end":{"line":12,"column":38}},"2":{"start":{"line":12,"column":27},"end":{"line":12,"column":38}},"3":{"start":{"line":13,"column":2},"end":{"line":13,"column":39}},"4":{"start":{"line":13,"column":28},"end":{"line":13,"column":39}},"5":{"start":{"line":14,"column":2},"end":{"line":14,"column":42}},"6":{"start":{"line":14,"column":31},"end":{"line":14,"column":42}},"7":{"start":{"line":15,"column":2},"end":{"line":15,"column":42}},"8":{"start":{"line":15,"column":31},"end":{"line":15,"column":42}},"9":{"start":{"line":16,"column":2},"end":{"line":16,"column":13}},"10":{"start":{"line":20,"column":2},"end":{"line":20,"column":54}},"11":{"start":{"line":24,"column":2},"end":{"line":24,"column":55}},"12":{"start":{"line":28,"column":2},"end":{"line":28,"column":58}},"13":{"start":{"line":32,"column":2},"end":{"line":32,"column":58}}},"fnMap":{"0":{"name":"isAppError","decl":{"start":{"line":7,"column":16},"end":{"line":7,"column":26}},"loc":{"start":{"line":7,"column":40},"end":{"line":9,"column":1}}},"1":{"name":"errorTypeToStatusCode","decl":{"start":{"line":11,"column":16},"end":{"line":11,"column":37}},"loc":{"start":{"line":11,"column":57},"end":{"line":17,"column":1}}},"2":{"name":"conflictError","decl":{"start":{"line":19,"column":16},"end":{"line":19,"column":29}},"loc":{"start":{"line":19,"column":46},"end":{"line":21,"column":1}}},"3":{"name":"notFoundError","decl":{"start":{"line":23,"column":16},"end":{"line":23,"column":29}},"loc":{"start":{"line":23,"column":46},"end":{"line":25,"column":1}}},"4":{"name":"unauthorizedError","decl":{"start":{"line":27,"column":16},"end":{"line":27,"column":33}},"loc":{"start":{"line":27,"column":50},"end":{"line":29,"column":1}}},"5":{"name":"wrongSchemaError","decl":{"start":{"line":31,"column":16},"end":{"line":31,"column":32}},"loc":{"start":{"line":31,"column":49},"end":{"line":33,"column":1}}}},"branchMap":{"0":{"loc":{"start":{"line":12,"column":2},"end":{"line":12,"column":38}},"type":"if","locations":[{"start":{"line":12,"column":2},"end":{"line":12,"column":38}}]},"1":{"loc":{"start":{"line":13,"column":2},"end":{"line":13,"column":39}},"type":"if","locations":[{"start":{"line":13,"column":2},"end":{"line":13,"column":39}}]},"2":{"loc":{"start":{"line":14,"column":2},"end":{"line":14,"column":42}},"type":"if","locations":[{"start":{"line":14,"column":2},"end":{"line":14,"column":42}}]},"3":{"loc":{"start":{"line":15,"column":2},"end":{"line":15,"column":42}},"type":"if","locations":[{"start":{"line":15,"column":2},"end":{"line":15,"column":42}}]},"4":{"loc":{"start":{"line":20,"column":38},"end":{"line":20,"column":51}},"type":"cond-expr","locations":[{"start":{"line":20,"column":38},"end":{"line":20,"column":45}},{"start":{"line":20,"column":49},"end":{"line":20,"column":51}}]},"5":{"loc":{"start":{"line":20,"column":38},"end":{"line":20,"column":49}},"type":"binary-expr","locations":[{"start":{"line":20,"column":38},"end":{"line":20,"column":49}},{"start":{"line":20,"column":38},"end":{"line":20,"column":49}}]},"6":{"loc":{"start":{"line":24,"column":39},"end":{"line":24,"column":52}},"type":"cond-expr","locations":[{"start":{"line":24,"column":39},"end":{"line":24,"column":46}},{"start":{"line":24,"column":50},"end":{"line":24,"column":52}}]},"7":{"loc":{"start":{"line":24,"column":39},"end":{"line":24,"column":50}},"type":"binary-expr","locations":[{"start":{"line":24,"column":39},"end":{"line":24,"column":50}},{"start":{"line":24,"column":39},"end":{"line":24,"column":50}}]},"8":{"loc":{"start":{"line":28,"column":42},"end":{"line":28,"column":55}},"type":"cond-expr","locations":[{"start":{"line":28,"column":42},"end":{"line":28,"column":49}},{"start":{"line":28,"column":53},"end":{"line":28,"column":55}}]},"9":{"loc":{"start":{"line":28,"column":42},"end":{"line":28,"column":53}},"type":"binary-expr","locations":[{"start":{"line":28,"column":42},"end":{"line":28,"column":53}},{"start":{"line":28,"column":42},"end":{"line":28,"column":53}}]},"10":{"loc":{"start":{"line":32,"column":42},"end":{"line":32,"column":55}},"type":"cond-expr","locations":[{"start":{"line":32,"column":42},"end":{"line":32,"column":49}},{"start":{"line":32,"column":53},"end":{"line":32,"column":55}}]},"11":{"loc":{"start":{"line":32,"column":42},"end":{"line":32,"column":53}},"type":"binary-expr","locations":[{"start":{"line":32,"column":42},"end":{"line":32,"column":53}},{"start":{"line":32,"column":42},"end":{"line":32,"column":53}}]}},"s":{"0":4,"1":4,"2":0,"3":4,"4":0,"5":4,"6":0,"7":4,"8":4,"9":0,"10":0,"11":3,"12":0,"13":4},"f":{"0":4,"1":4,"2":0,"3":3,"4":0,"5":4},"b":{"0":[0],"1":[0],"2":[0],"3":[4],"4":[0,0],"5":[0,0],"6":[0,3],"7":[3,3],"8":[0,0],"9":[0,0],"10":[0,4],"11":[4,4]}}
}
