TN:
SF:src/app.ts
FNF:0
FNH:0
DA:7,1
DA:8,1
DA:9,1
DA:11,1
DA:12,1
LF:5
LH:5
BRF:0
BRH:0
end_of_record
TN:
SF:src/database.ts
FNF:0
FNH:0
DA:3,1
DA:4,1
LF:2
LH:2
BRF:0
BRH:0
end_of_record
TN:
SF:src/controllers/recommendationController.ts
FN:6,insert
FN:17,upvote
FN:25,downvote
FN:33,random
FN:39,get
FN:44,getTop
FN:51,getById
FNF:7
FNH:2
FNDA:1,insert
FNDA:0,upvote
FNDA:0,downvote
FNDA:0,random
FNDA:1,get
FNDA:0,getTop
FNDA:0,getById
DA:7,1
DA:8,1
DA:9,0
DA:12,1
DA:14,1
DA:18,0
DA:20,0
DA:22,0
DA:26,0
DA:28,0
DA:30,0
DA:34,0
DA:36,0
DA:40,1
DA:41,1
DA:45,0
DA:47,0
DA:48,0
DA:52,0
DA:54,0
DA:55,0
DA:58,1
LF:22
LH:7
BRDA:8,0,0,0
BRF:1
BRH:0
end_of_record
TN:
SF:src/middlewares/errorHandlerMiddleware.ts
FN:8,errorHandlerMiddleware
FNF:1
FNH:0
FNDA:0,errorHandlerMiddleware
DA:14,0
DA:16,0
DA:17,0
DA:20,0
LF:4
LH:0
BRDA:16,0,0,0
BRF:1
BRH:0
end_of_record
TN:
SF:src/repositories/recommendationRepository.ts
FN:5,create
FN:16,findAll
FN:25,getAmountByScore
FN:32,getFindAllFilter
FN:44,find
FN:50,updateScore
FN:59,remove
FNF:7
FNH:3
FNDA:1,create
FNDA:1,findAll
FNDA:0,getAmountByScore
FNDA:1,getFindAllFilter
FNDA:0,find
FNDA:0,updateScore
FNDA:0,remove
DA:6,1
DA:17,1
DA:19,1
DA:26,0
DA:35,1
DA:37,0
DA:39,0
DA:45,0
DA:51,0
DA:60,0
DA:65,1
LF:11
LH:5
BRDA:35,0,0,1
BRF:1
BRH:1
end_of_record
TN:
SF:src/routers/recommendationRouter.ts
FNF:0
FNH:0
DA:4,1
DA:6,1
DA:7,1
DA:8,1
DA:9,1
DA:10,1
DA:11,1
DA:12,1
LF:8
LH:8
BRF:0
BRH:0
end_of_record
TN:
SF:src/schemas/recommendationsSchemas.ts
FNF:0
FNH:0
DA:4,1
DA:6,1
LF:2
LH:2
BRF:0
BRH:0
end_of_record
TN:
SF:src/services/recommendationsService.ts
FN:7,insert
FN:11,upvote
FN:18,downvote
FN:29,getById
FN:33,get
FN:37,getTop
FN:41,getRandom
FN:54,getByScore
FN:67,getScoreFilter
FNF:9
FNH:2
FNDA:1,insert
FNDA:0,upvote
FNDA:0,downvote
FNDA:0,getById
FNDA:1,get
FNDA:0,getTop
FNDA:0,getRandom
FNDA:0,getByScore
FNDA:0,getScoreFilter
DA:8,1
DA:12,0
DA:13,0
DA:15,0
DA:19,0
DA:20,0
DA:22,0
DA:24,0
DA:25,0
DA:30,0
DA:34,1
DA:38,0
DA:42,0
DA:43,0
DA:45,0
DA:46,0
DA:47,0
DA:50,0
DA:51,0
DA:55,0
DA:60,0
DA:61,0
DA:64,0
DA:68,0
DA:69,0
DA:72,0
DA:75,1
LF:27
LH:3
BRDA:13,0,0,0
BRDA:20,1,0,0
BRDA:24,2,0,0
BRDA:46,3,0,0
BRDA:60,4,0,0
BRDA:68,5,0,0
BRF:6
BRH:0
end_of_record
TN:
SF:src/tests/factories/recommendationFactory.ts
FN:3,recommendationFactory
FN:16,newRecommendationFactory
FNF:2
FNH:1
FNDA:0,recommendationFactory
FNDA:1,newRecommendationFactory
DA:4,0
DA:11,0
DA:19,1
DA:21,1
DA:22,1
DA:23,1
DA:26,0
DA:27,0
DA:28,0
DA:31,0
DA:32,0
DA:33,0
DA:35,0
DA:36,0
DA:37,0
DA:40,0
DA:41,0
DA:42,0
DA:45,0
DA:48,1
LF:20
LH:5
BRDA:19,0,0,1
BRDA:19,0,1,0
BRDA:19,0,2,0
BRDA:19,0,3,0
BRDA:19,0,4,0
BRDA:19,0,5,0
BRF:6
BRH:1
end_of_record
TN:
SF:src/utils/errorUtils.ts
FN:7,isAppError
FN:11,errorTypeToStatusCode
FN:19,conflictError
FN:23,notFoundError
FN:27,unauthorizedError
FN:31,wrongSchemaError
FNF:6
FNH:0
FNDA:0,isAppError
FNDA:0,errorTypeToStatusCode
FNDA:0,conflictError
FNDA:0,notFoundError
FNDA:0,unauthorizedError
FNDA:0,wrongSchemaError
DA:8,0
DA:12,0
DA:13,0
DA:14,0
DA:15,0
DA:16,0
DA:20,0
DA:24,0
DA:28,0
DA:32,0
LF:10
LH:0
BRDA:12,0,0,0
BRDA:13,1,0,0
BRDA:14,2,0,0
BRDA:15,3,0,0
BRDA:20,4,0,0
BRDA:20,4,1,0
BRDA:20,5,0,0
BRDA:20,5,1,0
BRDA:24,6,0,0
BRDA:24,6,1,0
BRDA:24,7,0,0
BRDA:24,7,1,0
BRDA:28,8,0,0
BRDA:28,8,1,0
BRDA:28,9,0,0
BRDA:28,9,1,0
BRDA:32,10,0,0
BRDA:32,10,1,0
BRDA:32,11,0,0
BRDA:32,11,1,0
BRF:20
BRH:0
end_of_record
